2018-04-14 19:36:44 [INFO] version: 1.5.4
2018-04-14 19:36:44 [INFO] instance path: D:\工具\PanDownload\
2018-04-14 19:36:44 [INFO] create main window
2018-04-14 19:36:44 [INFO] aria2 json-rpc path: http://token:pandownload@127.0.0.1:6801/jsonrpc
2018-04-14 19:36:45 [INFO] ip info: 中国广东珠海电信
2018-04-14 19:36:56 [INFO] check login succeed: uk=204770208 name=t唐唔
2018-04-14 19:36:56 [INFO] token: 99a6c75490724764fbca8cb19ce2b178
2018-04-14 19:36:56 [INFO] sign1: 6723d4f9f20a50463e6e10e43e5162eb82b4c474
2018-04-14 19:36:56 [INFO] sign2: dFd8Ey6J768B6MJp3570%2BHCNu235LpaLaAItPM0z4kVAAiVZ%2Bwu3Zg%3D%3D
2018-04-14 19:36:56 [INFO] sign3: d76e889b6aafd3087ac3bd56f4d4053a
2018-04-14 19:36:56 [INFO] timestamp: 1523705807
2018-04-14 19:37:19 [INFO] [/.NET Reflector/下载后去掉.bak后缀即可（因为.exe百度要你安装客户端才可以下载）.txt] [104] [普通1] [] download complete
2018-04-14 19:37:29 [INFO] [/.NET Reflector/下载后去掉.bak后缀即可（因为.exe百度要你安装客户端才可以下载）.txt] [104] [普通1] [] download complete
2018-04-14 19:37:31 [INFO] [/.NET Reflector/[WWW.WuleBa.COM].NET Re1flect0r 9.0.1.374 官方最新版+注册机（强大的.NET反编译工具破@姐版）.rar] [10467981] [普通1] [] download complete
2018-04-14 19:37:36 [INFO] [/.NET Reflector/[WWW.WuleBa.COM].NET Re1flect0r 8.5.0.179 官方最新版+注册机（强大的.NET反编译工具破@姐版）.rar] [10391098] [普通1] [] download complete
2018-04-14 19:39:58 [ERROR] check login failed: [data:0] [cookie:635]
2018-04-14 19:40:28 [ERROR] check login failed: [data:0] [cookie:635]
2018-04-14 19:40:58 [ERROR] check login failed: [data:0] [cookie:635]
2018-04-14 19:41:28 [ERROR] check login failed: [data:0] [cookie:635]
2018-04-14 19:41:58 [ERROR] check login failed: [data:0] [cookie:635]
2018-04-14 19:42:28 [ERROR] check login failed: [data:0] [cookie:635]
2018-04-14 20:39:09 [ERROR] check login failed: [data:1] [cookie:635]
2018-04-14 20:39:39 [WARN] report: 1
2018-04-14 20:41:41 [ERROR] check login failed: [data:1] [cookie:635]
2018-04-14 20:42:13 [WARN] report: 1
2018-04-15 12:31:09 [ERROR] check login failed: [data:0] [cookie:635]
2018-04-15 12:31:39 [ERROR] check login failed: [data:0] [cookie:635]
2018-04-15 12:32:20 [ERROR] check login failed: [data:0] [cookie:635]
2018-04-15 12:32:50 [ERROR] check login failed: [data:0] [cookie:635]
2018-04-15 12:33:32 [ERROR] check login failed: [data:0] [cookie:635]
2018-04-15 12:34:14 [ERROR] check login failed: [data:0] [cookie:635]
2018-04-15 12:34:56 [ERROR] check login failed: [data:0] [cookie:635]
2018-04-15 12:35:34 [ERROR] check login failed: [data:0] [cookie:635]
